app/build/intermediates/manifest_merge_blame_file/debug/processDebugMainManifest/manifest-merger-blame-debug-report.txt
1<?xml version="1.0" encoding="utf-8"?>
2<manifest xmlns:android="http://schemas.android.com/apk/res/android"
3    package="com.example.resturantmanagmentapp"
4    android:versionCode="1"
5    android:versionName="1.0" >
6
7    <uses-sdk
8        android:minSdkVersion="24"
9        android:targetSdkVersion="36" />
10
11    <uses-permission android:name="android.permission.INTERNET" />
11-->src\main\AndroidManifest.xml:5:5-67
11-->src\main\AndroidManifest.xml:5:22-64
12
13    <permission
13-->[androidx.core:core:1.9.0] AndroidManifest.xml:22:5-24:47
14        android:name="com.example.resturantmanagmentapp.DYNAMIC_RECEIVER_NOT_EXPORTED_PERMISSION"
14-->[androidx.core:core:1.9.0] AndroidManifest.xml:23:9-81
15        android:protectionLevel="signature" />
15-->[androidx.core:core:1.9.0] AndroidManifest.xml:24:9-44
16
17    <uses-permission android:name="com.example.resturantmanagmentapp.DYNAMIC_RECEIVER_NOT_EXPORTED_PERMISSION" />
17-->[androidx.core:core:1.9.0] AndroidManifest.xml:26:5-97
17-->[androidx.core:core:1.9.0] AndroidManifest.xml:26:22-94
18
19    <application
19-->src\main\AndroidManifest.xml:7:5-65:19
20        android:allowBackup="true"
20-->src\main\AndroidManifest.xml:8:9-35
21        android:appComponentFactory="androidx.core.app.CoreComponentFactory"
21-->[androidx.core:core:1.9.0] AndroidManifest.xml:28:18-86
22        android:dataExtractionRules="@xml/data_extraction_rules"
22-->src\main\AndroidManifest.xml:10:9-65
23        android:debuggable="true"
24        android:extractNativeLibs="false"
25        android:fullBackupContent="@xml/backup_rules"
25-->src\main\AndroidManifest.xml:11:9-54
26        android:icon="@mipmap/ic_launcher"
26-->src\main\AndroidManifest.xml:12:9-43
27        android:label="@string/app_name"
27-->src\main\AndroidManifest.xml:13:9-41
28        android:roundIcon="@mipmap/ic_launcher_round"
28-->src\main\AndroidManifest.xml:14:9-54
29        android:supportsRtl="true"
29-->src\main\AndroidManifest.xml:15:9-35
30        android:testOnly="true"
31        android:theme="@style/Theme.ResturantManagmentApp"
31-->src\main\AndroidManifest.xml:16:9-59
32        android:usesCleartextTraffic="true" >
32-->src\main\AndroidManifest.xml:9:9-44
33        <activity
33-->src\main\AndroidManifest.xml:18:9-25:20
34            android:name="com.example.resturantmanagmentapp.LoginActivity"
34-->src\main\AndroidManifest.xml:19:13-42
35            android:exported="true" >
35-->src\main\AndroidManifest.xml:20:13-36
36            <intent-filter>
36-->src\main\AndroidManifest.xml:21:13-24:29
37                <action android:name="android.intent.action.MAIN" />
37-->src\main\AndroidManifest.xml:22:17-69
37-->src\main\AndroidManifest.xml:22:25-66
38
39                <category android:name="android.intent.category.LAUNCHER" />
39-->src\main\AndroidManifest.xml:23:17-77
39-->src\main\AndroidManifest.xml:23:27-74
40            </intent-filter>
41        </activity>
42        <activity
42-->src\main\AndroidManifest.xml:27:9-29:40
43            android:name="com.example.resturantmanagmentapp.AdminActivity"
43-->src\main\AndroidManifest.xml:28:13-42
44            android:exported="false" />
44-->src\main\AndroidManifest.xml:29:13-37
45        <activity
45-->src\main\AndroidManifest.xml:30:9-32:40
46            android:name="com.example.resturantmanagmentapp.DeleteMenuItemActivity"
46-->src\main\AndroidManifest.xml:31:13-51
47            android:exported="false" />
47-->src\main\AndroidManifest.xml:32:13-37
48        <activity
48-->src\main\AndroidManifest.xml:33:9-35:40
49            android:name="com.example.resturantmanagmentapp.AddMenuItemActivity"
49-->src\main\AndroidManifest.xml:34:13-48
50            android:exported="false" />
50-->src\main\AndroidManifest.xml:35:13-37
51        <activity
51-->src\main\AndroidManifest.xml:37:9-39:40
52            android:name="com.example.resturantmanagmentapp.MenuActivity"
52-->src\main\AndroidManifest.xml:38:13-41
53            android:exported="false" />
53-->src\main\AndroidManifest.xml:39:13-37
54        <activity
54-->src\main\AndroidManifest.xml:40:9-42:40
55            android:name="com.example.resturantmanagmentapp.SignupActivity"
55-->src\main\AndroidManifest.xml:41:13-43
56            android:exported="false" />
56-->src\main\AndroidManifest.xml:42:13-37
57        <activity
57-->src\main\AndroidManifest.xml:43:9-45:40
58            android:name="com.example.resturantmanagmentapp.BookingConfirmationActivity"
58-->src\main\AndroidManifest.xml:44:13-56
59            android:exported="false" />
59-->src\main\AndroidManifest.xml:45:13-37
60        <activity
60-->src\main\AndroidManifest.xml:46:9-48:40
61            android:name="com.example.resturantmanagmentapp.MenuItemDetailsActivity"
61-->src\main\AndroidManifest.xml:47:13-52
62            android:exported="false" />
62-->src\main\AndroidManifest.xml:48:13-37
63        <activity
63-->src\main\AndroidManifest.xml:49:9-51:40
64            android:name="com.example.resturantmanagmentapp.ReservationsAdapter"
64-->src\main\AndroidManifest.xml:50:13-48
65            android:exported="false" />
65-->src\main\AndroidManifest.xml:51:13-37
66        <activity
66-->src\main\AndroidManifest.xml:52:9-54:40
67            android:name="com.example.resturantmanagmentapp.EditMenuActivity"
67-->src\main\AndroidManifest.xml:53:13-45
68            android:exported="false" />
68-->src\main\AndroidManifest.xml:54:13-37
69        <activity
69-->src\main\AndroidManifest.xml:55:9-57:40
70            android:name="com.example.resturantmanagmentapp.AdminViewReservationsActivity"
70-->src\main\AndroidManifest.xml:56:13-58
71            android:exported="false" />
71-->src\main\AndroidManifest.xml:57:13-37
72        <activity
72-->src\main\AndroidManifest.xml:58:9-60:40
73            android:name="com.example.resturantmanagmentapp.ReservationsActivity"
73-->src\main\AndroidManifest.xml:59:13-49
74            android:exported="false" />
74-->src\main\AndroidManifest.xml:60:13-37
75        <activity
75-->src\main\AndroidManifest.xml:61:9-63:40
76            android:name="com.example.resturantmanagmentapp.ProfileActivity"
76-->src\main\AndroidManifest.xml:62:13-44
77            android:exported="false" />
77-->src\main\AndroidManifest.xml:63:13-37
78
79        <service
79-->[androidx.room:room-runtime:2.6.1] AndroidManifest.xml:24:9-28:63
80            android:name="androidx.room.MultiInstanceInvalidationService"
80-->[androidx.room:room-runtime:2.6.1] AndroidManifest.xml:25:13-74
81            android:directBootAware="true"
81-->[androidx.room:room-runtime:2.6.1] AndroidManifest.xml:26:13-43
82            android:exported="false" />
82-->[androidx.room:room-runtime:2.6.1] AndroidManifest.xml:27:13-37
83
84        <provider
84-->[androidx.emoji2:emoji2:1.2.0] AndroidManifest.xml:24:9-32:20
85            android:name="androidx.startup.InitializationProvider"
85-->[androidx.emoji2:emoji2:1.2.0] AndroidManifest.xml:25:13-67
86            android:authorities="com.example.resturantmanagmentapp.androidx-startup"
86-->[androidx.emoji2:emoji2:1.2.0] AndroidManifest.xml:26:13-68
87            android:exported="false" >
87-->[androidx.emoji2:emoji2:1.2.0] AndroidManifest.xml:27:13-37
88            <meta-data
88-->[androidx.emoji2:emoji2:1.2.0] AndroidManifest.xml:29:13-31:52
89                android:name="androidx.emoji2.text.EmojiCompatInitializer"
89-->[androidx.emoji2:emoji2:1.2.0] AndroidManifest.xml:30:17-75
90                android:value="androidx.startup" />
90-->[androidx.emoji2:emoji2:1.2.0] AndroidManifest.xml:31:17-49
91            <meta-data
91-->[androidx.lifecycle:lifecycle-process:2.6.1] AndroidManifest.xml:29:13-31:52
92                android:name="androidx.lifecycle.ProcessLifecycleInitializer"
92-->[androidx.lifecycle:lifecycle-process:2.6.1] AndroidManifest.xml:30:17-78
93                android:value="androidx.startup" />
93-->[androidx.lifecycle:lifecycle-process:2.6.1] AndroidManifest.xml:31:17-49
94            <meta-data
94-->[androidx.profileinstaller:profileinstaller:1.3.0] AndroidManifest.xml:29:13-31:52
95                android:name="androidx.profileinstaller.ProfileInstallerInitializer"
95-->[androidx.profileinstaller:profileinstaller:1.3.0] AndroidManifest.xml:30:17-85
96                android:value="androidx.startup" />
96-->[androidx.profileinstaller:profileinstaller:1.3.0] AndroidManifest.xml:31:17-49
97        </provider>
98
99        <receiver
99-->[androidx.profileinstaller:profileinstaller:1.3.0] AndroidManifest.xml:34:9-52:20
100            android:name="androidx.profileinstaller.ProfileInstallReceiver"
100-->[androidx.profileinstaller:profileinstaller:1.3.0] AndroidManifest.xml:35:13-76
101            android:directBootAware="false"
101-->[androidx.profileinstaller:profileinstaller:1.3.0] AndroidManifest.xml:36:13-44
102            android:enabled="true"
102-->[androidx.profileinstaller:profileinstaller:1.3.0] AndroidManifest.xml:37:13-35
103            android:exported="true"
103-->[androidx.profileinstaller:profileinstaller:1.3.0] AndroidManifest.xml:38:13-36
104            android:permission="android.permission.DUMP" >
104-->[androidx.profileinstaller:profileinstaller:1.3.0] AndroidManifest.xml:39:13-57
105            <intent-filter>
105-->[androidx.profileinstaller:profileinstaller:1.3.0] AndroidManifest.xml:40:13-42:29
106                <action android:name="androidx.profileinstaller.action.INSTALL_PROFILE" />
106-->[androidx.profileinstaller:profileinstaller:1.3.0] AndroidManifest.xml:41:17-91
106-->[androidx.profileinstaller:profileinstaller:1.3.0] AndroidManifest.xml:41:25-88
107            </intent-filter>
108            <intent-filter>
108-->[androidx.profileinstaller:profileinstaller:1.3.0] AndroidManifest.xml:43:13-45:29
109                <action android:name="androidx.profileinstaller.action.SKIP_FILE" />
109-->[androidx.profileinstaller:profileinstaller:1.3.0] AndroidManifest.xml:44:17-85
109-->[androidx.profileinstaller:profileinstaller:1.3.0] AndroidManifest.xml:44:25-82
110            </intent-filter>
111            <intent-filter>
111-->[androidx.profileinstaller:profileinstaller:1.3.0] AndroidManifest.xml:46:13-48:29
112                <action android:name="androidx.profileinstaller.action.SAVE_PROFILE" />
112-->[androidx.profileinstaller:profileinstaller:1.3.0] AndroidManifest.xml:47:17-88
112-->[androidx.profileinstaller:profileinstaller:1.3.0] AndroidManifest.xml:47:25-85
113            </intent-filter>
114            <intent-filter>
114-->[androidx.profileinstaller:profileinstaller:1.3.0] AndroidManifest.xml:49:13-51:29
115                <action android:name="androidx.profileinstaller.action.BENCHMARK_OPERATION" />
115-->[androidx.profileinstaller:profileinstaller:1.3.0] AndroidManifest.xml:50:17-95
115-->[androidx.profileinstaller:profileinstaller:1.3.0] AndroidManifest.xml:50:25-92
116            </intent-filter>
117        </receiver>
118    </application>
119
120</manifest>